

  rNNN                                               [Raw hardware event descriptor]
  cpu/t1=v1[,t2=v2,t3 ...]/modifier                  [Raw hardware event descriptor]
  mem:<addr>[/len][:access]                          [Hardware breakpoint]
  sdt_libc:lll_lock_wait_private                     [SDT event]
  sdt_libc:longjmp                                   [SDT event]
  sdt_libc:longjmp_target                            [SDT event]
  sdt_libc:memory_arena_new                          [SDT event]
  sdt_libc:memory_arena_retry                        [SDT event]
  sdt_libc:memory_arena_reuse                        [SDT event]
  sdt_libc:memory_arena_reuse_free_list              [SDT event]
  sdt_libc:memory_arena_reuse_wait                   [SDT event]
  sdt_libc:memory_calloc_retry                       [SDT event]
  sdt_libc:memory_heap_free                          [SDT event]
  sdt_libc:memory_heap_less                          [SDT event]
  sdt_libc:memory_heap_more                          [SDT event]
  sdt_libc:memory_heap_new                           [SDT event]
  sdt_libc:memory_malloc_retry                       [SDT event]
  sdt_libc:memory_mallopt                            [SDT event]
  sdt_libc:memory_mallopt_arena_max                  [SDT event]
  sdt_libc:memory_mallopt_arena_test                 [SDT event]
  sdt_libc:memory_mallopt_free_dyn_thresholds        [SDT event]
  sdt_libc:memory_mallopt_mmap_max                   [SDT event]
  sdt_libc:memory_mallopt_mmap_threshold             [SDT event]
  sdt_libc:memory_mallopt_mxfast                     [SDT event]
  sdt_libc:memory_mallopt_perturb                    [SDT event]
  sdt_libc:memory_mallopt_top_pad                    [SDT event]
  sdt_libc:memory_mallopt_trim_threshold             [SDT event]
  sdt_libc:memory_memalign_retry                     [SDT event]
  sdt_libc:memory_realloc_retry                      [SDT event]
  sdt_libc:memory_sbrk_less                          [SDT event]
  sdt_libc:memory_sbrk_more                          [SDT event]
  sdt_libc:memory_tcache_double_free                 [SDT event]
  sdt_libc:memory_tunable_tcache_count               [SDT event]
  sdt_libc:memory_tunable_tcache_max_bytes           [SDT event]
  sdt_libc:memory_tunable_tcache_unsorted_limit      [SDT event]
  sdt_libc:setjmp                                    [SDT event]
  sdt_libm:slowacos                                  [SDT event]
  sdt_libm:slowasin                                  [SDT event]
  sdt_libm:slowatan2                                 [SDT event]
  sdt_libm:slowatan2_inexact                         [SDT event]
  sdt_libm:slowatan                                  [SDT event]
  sdt_libm:slowatan_inexact                          [SDT event]
  sdt_libm:slowcos                                   [SDT event]
  sdt_libm:slowsin                                   [SDT event]
  sdt_libm:slowtan                                   [SDT event]
  sdt_libpthread:cond_broadcast                      [SDT event]
  sdt_libpthread:cond_destroy                        [SDT event]
  sdt_libpthread:cond_init                           [SDT event]
  sdt_libpthread:cond_signal                         [SDT event]
  sdt_libpthread:cond_wait                           [SDT event]
  sdt_libpthread:lll_lock_wait                       [SDT event]
  sdt_libpthread:lll_lock_wait_private               [SDT event]
  sdt_libpthread:mutex_acquired                      [SDT event]
  sdt_libpthread:mutex_clocklock_entry               [SDT event]
  sdt_libpthread:mutex_destroy                       [SDT event]
  sdt_libpthread:mutex_entry                         [SDT event]
  sdt_libpthread:mutex_init                          [SDT event]
  sdt_libpthread:mutex_release                       [SDT event]
  sdt_libpthread:mutex_timedlock_acquired            [SDT event]
  sdt_libpthread:mutex_timedlock_entry               [SDT event]
  sdt_libpthread:pthread_create                      [SDT event]
  sdt_libpthread:pthread_join                        [SDT event]
  sdt_libpthread:pthread_join_ret                    [SDT event]
  sdt_libpthread:pthread_start                       [SDT event]
  sdt_libpthread:rdlock_acquire_read                 [SDT event]
  sdt_libpthread:rdlock_entry                        [SDT event]
  sdt_libpthread:rwlock_destroy                      [SDT event]
  sdt_libpthread:rwlock_unlock                       [SDT event]
  sdt_libpthread:wrlock_acquire_write                [SDT event]
  sdt_libpthread:wrlock_entry                        [SDT event]
  sdt_libstdcxx:catch                                [SDT event]
  sdt_libstdcxx:rethrow                              [SDT event]
  sdt_libstdcxx:throw                                [SDT event]
  sdt_python:audit                                   [SDT event]
  sdt_python:function__entry                         [SDT event]
  sdt_python:function__return                        [SDT event]
  sdt_python:gc__done                                [SDT event]
  sdt_python:gc__start                               [SDT event]
  sdt_python:import__find__load__done                [SDT event]
  sdt_python:import__find__load__start               [SDT event]
  sdt_python:line                                    [SDT event]
  sdt_rtld:init_complete                             [SDT event]
  sdt_rtld:init_start                                [SDT event]
  sdt_rtld:longjmp                                   [SDT event]
  sdt_rtld:longjmp_target                            [SDT event]
  sdt_rtld:map_complete                              [SDT event]
  sdt_rtld:map_failed                                [SDT event]
  sdt_rtld:map_start                                 [SDT event]
  sdt_rtld:reloc_complete                            [SDT event]
  sdt_rtld:reloc_start                               [SDT event]
  sdt_rtld:setjmp                                    [SDT event]
  sdt_rtld:unmap_complete                            [SDT event]
  sdt_rtld:unmap_start                               [SDT event]
