l1d.replacement
l1d_pend_miss.fb_full
l1d_pend_miss.pending
l1d_pend_miss.pending_cycles
l1d_pend_miss.pending_cycles_any
l2_lines_in.all
l2_lines_out.non_silent
l2_lines_out.silent
l2_lines_out.useless_hwpf
l2_lines_out.useless_pref
l2_rqsts.all_code_rd
l2_rqsts.all_demand_data_rd
l2_rqsts.all_demand_miss
l2_rqsts.all_demand_references
l2_rqsts.all_pf
l2_rqsts.all_rfo
l2_rqsts.code_rd_hit
l2_rqsts.code_rd_miss
l2_rqsts.demand_data_rd_hit
l2_rqsts.demand_data_rd_miss
l2_rqsts.miss
l2_rqsts.pf_hit
l2_rqsts.pf_miss
l2_rqsts.references
l2_rqsts.rfo_hit
l2_rqsts.rfo_miss
l2_trans.l2_wb
longest_lat_cache.miss
longest_lat_cache.reference
mem_inst_retired.all_loads
mem_inst_retired.all_stores
mem_inst_retired.lock_loads
mem_inst_retired.split_loads
mem_inst_retired.split_stores
mem_inst_retired.stlb_miss_loads
mem_inst_retired.stlb_miss_stores
mem_load_l3_hit_retired.xsnp_hit
mem_load_l3_hit_retired.xsnp_hitm
mem_load_l3_hit_retired.xsnp_miss
mem_load_l3_hit_retired.xsnp_none
mem_load_misc_retired.uc
mem_load_retired.fb_hit
mem_load_retired.l1_hit
mem_load_retired.l1_miss
mem_load_retired.l2_hit
mem_load_retired.l2_miss
mem_load_retired.l3_hit
mem_load_retired.l3_miss
offcore_requests.all_data_rd
offcore_requests.all_requests
offcore_requests.demand_code_rd
offcore_requests.demand_data_rd
offcore_requests.demand_rfo
offcore_requests_buffer.sq_full
offcore_requests_outstanding.all_data_rd
offcore_requests_outstanding.cycles_with_data_rd
offcore_requests_outstanding.cycles_with_demand_code_rd
offcore_requests_outstanding.cycles_with_demand_data_rd
offcore_requests_outstanding.cycles_with_demand_rfo
offcore_requests_outstanding.demand_code_rd
offcore_requests_outstanding.demand_data_rd
offcore_requests_outstanding.demand_data_rd_ge_6
offcore_requests_outstanding.demand_rfo
offcore_response
offcore_response.demand_code_rd.any_response
offcore_response.demand_code_rd.l3_hit.any_snoop
offcore_response.demand_code_rd.l3_hit.snoop_hit_no_fwd
offcore_response.demand_code_rd.l3_hit.snoop_hitm
offcore_response.demand_code_rd.l3_hit.snoop_miss
offcore_response.demand_code_rd.l3_hit.snoop_none
offcore_response.demand_code_rd.l3_hit.snoop_not_needed
offcore_response.demand_code_rd.l3_hit.spl_hit
offcore_response.demand_code_rd.l3_hit_e.any_snoop
offcore_response.demand_code_rd.l3_hit_e.snoop_hit_no_fwd
offcore_response.demand_code_rd.l3_hit_e.snoop_hitm
offcore_response.demand_code_rd.l3_hit_e.snoop_miss
offcore_response.demand_code_rd.l3_hit_e.snoop_none
offcore_response.demand_code_rd.l3_hit_e.snoop_not_needed
offcore_response.demand_code_rd.l3_hit_e.spl_hit
offcore_response.demand_code_rd.l3_hit_m.any_snoop
offcore_response.demand_code_rd.l3_hit_m.snoop_hit_no_fwd
offcore_response.demand_code_rd.l3_hit_m.snoop_hitm
offcore_response.demand_code_rd.l3_hit_m.snoop_miss
offcore_response.demand_code_rd.l3_hit_m.snoop_none
offcore_response.demand_code_rd.l3_hit_m.snoop_not_needed
offcore_response.demand_code_rd.l3_hit_m.spl_hit
offcore_response.demand_code_rd.l3_hit_s.any_snoop
offcore_response.demand_code_rd.l3_hit_s.snoop_hit_no_fwd
offcore_response.demand_code_rd.l3_hit_s.snoop_hitm
offcore_response.demand_code_rd.l3_hit_s.snoop_miss
offcore_response.demand_code_rd.l3_hit_s.snoop_none
offcore_response.demand_code_rd.l3_hit_s.snoop_not_needed
offcore_response.demand_code_rd.l3_hit_s.spl_hit
offcore_response.demand_code_rd.l4_hit_local_l4.any_snoop
offcore_response.demand_code_rd.l4_hit_local_l4.snoop_hit_no_fwd
offcore_response.demand_code_rd.l4_hit_local_l4.snoop_hitm
offcore_response.demand_code_rd.l4_hit_local_l4.snoop_miss
offcore_response.demand_code_rd.l4_hit_local_l4.snoop_none
offcore_response.demand_code_rd.l4_hit_local_l4.snoop_not_needed
offcore_response.demand_code_rd.l4_hit_local_l4.spl_hit
offcore_response.demand_code_rd.supplier_none.any_snoop
offcore_response.demand_code_rd.supplier_none.snoop_hit_no_fwd
offcore_response.demand_code_rd.supplier_none.snoop_hitm
offcore_response.demand_code_rd.supplier_none.snoop_miss
offcore_response.demand_code_rd.supplier_none.snoop_none
offcore_response.demand_code_rd.supplier_none.snoop_not_needed
offcore_response.demand_code_rd.supplier_none.spl_hit
offcore_response.demand_data_rd.any_response
offcore_response.demand_data_rd.l3_hit.any_snoop
offcore_response.demand_data_rd.l3_hit.snoop_hit_no_fwd
offcore_response.demand_data_rd.l3_hit.snoop_hitm
offcore_response.demand_data_rd.l3_hit.snoop_miss
offcore_response.demand_data_rd.l3_hit.snoop_none
offcore_response.demand_data_rd.l3_hit.snoop_not_needed
offcore_response.demand_data_rd.l3_hit.spl_hit
offcore_response.demand_data_rd.l3_hit_e.any_snoop
offcore_response.demand_data_rd.l3_hit_e.snoop_hit_no_fwd
offcore_response.demand_data_rd.l3_hit_e.snoop_hitm
offcore_response.demand_data_rd.l3_hit_e.snoop_miss
offcore_response.demand_data_rd.l3_hit_e.snoop_none
offcore_response.demand_data_rd.l3_hit_e.snoop_not_needed
offcore_response.demand_data_rd.l3_hit_e.spl_hit
offcore_response.demand_data_rd.l3_hit_m.any_snoop
offcore_response.demand_data_rd.l3_hit_m.snoop_hit_no_fwd
offcore_response.demand_data_rd.l3_hit_m.snoop_hitm
offcore_response.demand_data_rd.l3_hit_m.snoop_miss
offcore_response.demand_data_rd.l3_hit_m.snoop_none
offcore_response.demand_data_rd.l3_hit_m.snoop_not_needed
offcore_response.demand_data_rd.l3_hit_m.spl_hit
offcore_response.demand_data_rd.l3_hit_s.any_snoop
offcore_response.demand_data_rd.l3_hit_s.snoop_hit_no_fwd
offcore_response.demand_data_rd.l3_hit_s.snoop_hitm
offcore_response.demand_data_rd.l3_hit_s.snoop_miss
offcore_response.demand_data_rd.l3_hit_s.snoop_none
offcore_response.demand_data_rd.l3_hit_s.snoop_not_needed
offcore_response.demand_data_rd.l3_hit_s.spl_hit
offcore_response.demand_data_rd.l4_hit_local_l4.any_snoop
offcore_response.demand_data_rd.l4_hit_local_l4.snoop_hit_no_fwd
offcore_response.demand_data_rd.l4_hit_local_l4.snoop_hitm
offcore_response.demand_data_rd.l4_hit_local_l4.snoop_miss
offcore_response.demand_data_rd.l4_hit_local_l4.snoop_none
offcore_response.demand_data_rd.l4_hit_local_l4.snoop_not_needed
offcore_response.demand_data_rd.l4_hit_local_l4.spl_hit
offcore_response.demand_data_rd.supplier_none.any_snoop
offcore_response.demand_data_rd.supplier_none.snoop_hit_no_fwd
offcore_response.demand_data_rd.supplier_none.snoop_hitm
offcore_response.demand_data_rd.supplier_none.snoop_miss
offcore_response.demand_data_rd.supplier_none.snoop_none
offcore_response.demand_data_rd.supplier_none.snoop_not_needed
offcore_response.demand_data_rd.supplier_none.spl_hit
offcore_response.demand_rfo.any_response
offcore_response.demand_rfo.l3_hit.any_snoop
offcore_response.demand_rfo.l3_hit.snoop_hit_no_fwd
offcore_response.demand_rfo.l3_hit.snoop_hitm
offcore_response.demand_rfo.l3_hit.snoop_miss
offcore_response.demand_rfo.l3_hit.snoop_none
offcore_response.demand_rfo.l3_hit.snoop_not_needed
offcore_response.demand_rfo.l3_hit.spl_hit
offcore_response.demand_rfo.l3_hit_e.any_snoop
offcore_response.demand_rfo.l3_hit_e.snoop_hit_no_fwd
offcore_response.demand_rfo.l3_hit_e.snoop_hitm
offcore_response.demand_rfo.l3_hit_e.snoop_miss
offcore_response.demand_rfo.l3_hit_e.snoop_none
offcore_response.demand_rfo.l3_hit_e.snoop_not_needed
offcore_response.demand_rfo.l3_hit_e.spl_hit
offcore_response.demand_rfo.l3_hit_m.any_snoop
offcore_response.demand_rfo.l3_hit_m.snoop_hit_no_fwd
offcore_response.demand_rfo.l3_hit_m.snoop_hitm
offcore_response.demand_rfo.l3_hit_m.snoop_miss
offcore_response.demand_rfo.l3_hit_m.snoop_none
offcore_response.demand_rfo.l3_hit_m.snoop_not_needed
offcore_response.demand_rfo.l3_hit_m.spl_hit
offcore_response.demand_rfo.l3_hit_s.any_snoop
offcore_response.demand_rfo.l3_hit_s.snoop_hit_no_fwd
offcore_response.demand_rfo.l3_hit_s.snoop_hitm
offcore_response.demand_rfo.l3_hit_s.snoop_miss
offcore_response.demand_rfo.l3_hit_s.snoop_none
offcore_response.demand_rfo.l3_hit_s.snoop_not_needed
offcore_response.demand_rfo.l3_hit_s.spl_hit
offcore_response.demand_rfo.l4_hit_local_l4.any_snoop
offcore_response.demand_rfo.l4_hit_local_l4.snoop_hit_no_fwd
offcore_response.demand_rfo.l4_hit_local_l4.snoop_hitm
offcore_response.demand_rfo.l4_hit_local_l4.snoop_miss
offcore_response.demand_rfo.l4_hit_local_l4.snoop_none
offcore_response.demand_rfo.l4_hit_local_l4.snoop_not_needed
offcore_response.demand_rfo.l4_hit_local_l4.spl_hit
offcore_response.demand_rfo.supplier_none.any_snoop
offcore_response.demand_rfo.supplier_none.snoop_hit_no_fwd
offcore_response.demand_rfo.supplier_none.snoop_hitm
offcore_response.demand_rfo.supplier_none.snoop_miss
offcore_response.demand_rfo.supplier_none.snoop_none
offcore_response.demand_rfo.supplier_none.snoop_not_needed
offcore_response.demand_rfo.supplier_none.spl_hit
offcore_response.other.any_response
offcore_response.other.l3_hit.any_snoop
offcore_response.other.l3_hit.snoop_hit_no_fwd
offcore_response.other.l3_hit.snoop_hitm
offcore_response.other.l3_hit.snoop_miss
offcore_response.other.l3_hit.snoop_none
offcore_response.other.l3_hit.snoop_not_needed
offcore_response.other.l3_hit.spl_hit
offcore_response.other.l3_hit_e.any_snoop
offcore_response.other.l3_hit_e.snoop_hit_no_fwd
offcore_response.other.l3_hit_e.snoop_hitm
offcore_response.other.l3_hit_e.snoop_miss
offcore_response.other.l3_hit_e.snoop_none
offcore_response.other.l3_hit_e.snoop_not_needed
offcore_response.other.l3_hit_e.spl_hit
offcore_response.other.l3_hit_m.any_snoop
offcore_response.other.l3_hit_m.snoop_hit_no_fwd
offcore_response.other.l3_hit_m.snoop_hitm
offcore_response.other.l3_hit_m.snoop_miss
offcore_response.other.l3_hit_m.snoop_none
offcore_response.other.l3_hit_m.snoop_not_needed
offcore_response.other.l3_hit_m.spl_hit
offcore_response.other.l3_hit_s.any_snoop
offcore_response.other.l3_hit_s.snoop_hit_no_fwd
offcore_response.other.l3_hit_s.snoop_hitm
offcore_response.other.l3_hit_s.snoop_miss
offcore_response.other.l3_hit_s.snoop_none
offcore_response.other.l3_hit_s.snoop_not_needed
offcore_response.other.l3_hit_s.spl_hit
offcore_response.other.l4_hit_local_l4.any_snoop
offcore_response.other.l4_hit_local_l4.snoop_hit_no_fwd
offcore_response.other.l4_hit_local_l4.snoop_hitm
offcore_response.other.l4_hit_local_l4.snoop_miss
offcore_response.other.l4_hit_local_l4.snoop_none
offcore_response.other.l4_hit_local_l4.snoop_not_needed
offcore_response.other.l4_hit_local_l4.spl_hit
offcore_response.other.supplier_none.any_snoop
offcore_response.other.supplier_none.snoop_hit_no_fwd
offcore_response.other.supplier_none.snoop_hitm
offcore_response.other.supplier_none.snoop_miss
offcore_response.other.supplier_none.snoop_none
offcore_response.other.supplier_none.snoop_not_needed
offcore_response.other.supplier_none.spl_hit
sq_misc.split_lock
