branch-instructions
branches                    
branch-misses                                      
bus-cycles                                         
cache-misses                                       
cache-references                                   
cpu-cycles
cycles                               
instructions                                       
ref-cycles                                         
alignment-faults                                   
bpf-output                                         
cgroup-switches                                    
context-switches
cs                             
cpu-clock                                          
cpu-migrations
migrations                       
dummy                                              
emulation-faults                                   
major-faults                                       
minor-faults                                       
page-faults
faults                              
task-clock                                         
duration_time                                      
L1-dcache-load-misses                              
L1-dcache-loads                                    
L1-dcache-stores                                   
L1-icache-load-misses                              
LLC-load-misses                                    
LLC-loads                                          
LLC-store-misses                                   
LLC-stores                                         
branch-load-misses                                 
branch-loads                                       
dTLB-load-misses                                   
dTLB-loads                                         
dTLB-store-misses                                  
dTLB-stores                                        
iTLB-load-misses                                   
iTLB-loads                                         
node-load-misses                                   
node-loads                                         
node-store-misses                                  
node-stores                                        
branch-instructions 
cpu/branch-instructions/    
branch-misses 
cpu/branch-misses/                
bus-cycles 
cpu/bus-cycles/                      
cache-misses 
cpu/cache-misses/                  
cache-references 
cpu/cache-references/          
cpu-cycles 
cpu/cpu-cycles/                      
instructions 
cpu/instructions/                  
mem-loads 
cpu/mem-loads/                        
mem-stores 
cpu/mem-stores/                      
ref-cycles 
cpu/ref-cycles/                      
topdown-fetch-bubbles 
cpu/topdown-fetch-bubbles/
topdown-total-slots 
cpu/topdown-total-slots/   
cstate_core/c3-residency/                         
cstate_core/c6-residency/                         
cstate_core/c7-residency/                         
cstate_pkg/c10-residency/                         
cstate_pkg/c2-residency/                          
cstate_pkg/c3-residency/                          
cstate_pkg/c6-residency/                          
cstate_pkg/c7-residency/                          
cstate_pkg/c8-residency/                          
cstate_pkg/c9-residency/                          
i915/actual-frequency/                            
i915/bcs0-busy/                                   
i915/bcs0-sema/                                   
i915/bcs0-wait/                                   
i915/interrupts/                                  
i915/rc6-residency/                               
i915/rcs0-busy/                                   
i915/rcs0-sema/                                   
i915/rcs0-wait/                                   
i915/requested-frequency/                         
i915/software-gt-awake-time/                      
i915/vcs0-busy/                                   
i915/vcs0-sema/                                   
i915/vcs0-wait/                                   
i915/vecs0-busy/                                  
i915/vecs0-sema/                                  
i915/vecs0-wait/                                  
intel_pt//                                        
msr/aperf/                                        
msr/cpu_thermal_margin/                           
msr/mperf/                                        
msr/pperf/                                        
msr/smi/                                          
msr/tsc/                                          
power/energy-cores/                               
power/energy-gpu/                                 
power/energy-pkg/                                 
power/energy-psys/                                
power/energy-ram/                                 
uncore_cbox_0/clockticks/                         
uncore_cbox_1/clockticks/                         
uncore_cbox_2/clockticks/                         
uncore_cbox_3/clockticks/                         
uncore_imc/data_reads/                            
uncore_imc/data_writes/                           
uncore_imc/gt_requests/                           
uncore_imc/ia_requests/                           
uncore_imc/io_requests/   
topdown-slots-issued 
cpu/topdown-slots-issued/  
topdown-slots-retired 
cpu/topdown-slots-retired/
topdown-recovery-bubbles 
cpu/topdown-recovery-bubbles/                        