cycle_activity.cycles_l3_miss
cycle_activity.stalls_l3_miss
hle_retired.aborted
hle_retired.aborted_events
hle_retired.aborted_mem
hle_retired.aborted_memtype
hle_retired.aborted_timer
hle_retired.aborted_unfriendly
hle_retired.commit
hle_retired.start
machine_clears.memory_ordering
mem_trans_retired.load_latency_gt_128
mem_trans_retired.load_latency_gt_16
mem_trans_retired.load_latency_gt_256
mem_trans_retired.load_latency_gt_32
mem_trans_retired.load_latency_gt_4
mem_trans_retired.load_latency_gt_512
mem_trans_retired.load_latency_gt_64
mem_trans_retired.load_latency_gt_8
offcore_requests.l3_miss_demand_data_rd
offcore_requests_outstanding.cycles_with_l3_miss_demand_data_rd
offcore_requests_outstanding.l3_miss_demand_data_rd
offcore_requests_outstanding.l3_miss_demand_data_rd_ge_6
offcore_response.demand_code_rd.l3_hit.snoop_non_dram
offcore_response.demand_code_rd.l3_hit_e.snoop_non_dram
offcore_response.demand_code_rd.l3_hit_m.snoop_non_dram
offcore_response.demand_code_rd.l3_hit_s.snoop_non_dram
offcore_response.demand_code_rd.l3_miss.any_snoop
offcore_response.demand_code_rd.l3_miss.snoop_hit_no_fwd
offcore_response.demand_code_rd.l3_miss.snoop_hitm
offcore_response.demand_code_rd.l3_miss.snoop_miss
offcore_response.demand_code_rd.l3_miss.snoop_non_dram
offcore_response.demand_code_rd.l3_miss.snoop_none
offcore_response.demand_code_rd.l3_miss.snoop_not_needed
offcore_response.demand_code_rd.l3_miss.spl_hit
offcore_response.demand_code_rd.l3_miss_local_dram.any_snoop
offcore_response.demand_code_rd.l3_miss_local_dram.snoop_hit_no_fwd
offcore_response.demand_code_rd.l3_miss_local_dram.snoop_hitm
offcore_response.demand_code_rd.l3_miss_local_dram.snoop_miss
offcore_response.demand_code_rd.l3_miss_local_dram.snoop_non_dram
offcore_response.demand_code_rd.l3_miss_local_dram.snoop_none
offcore_response.demand_code_rd.l3_miss_local_dram.snoop_not_needed
offcore_response.demand_code_rd.l3_miss_local_dram.spl_hit
offcore_response.demand_code_rd.l4_hit_local_l4.snoop_non_dram
offcore_response.demand_code_rd.supplier_none.snoop_non_dram
offcore_response.demand_data_rd.l3_hit.snoop_non_dram
offcore_response.demand_data_rd.l3_hit_e.snoop_non_dram
offcore_response.demand_data_rd.l3_hit_m.snoop_non_dram
offcore_response.demand_data_rd.l3_hit_s.snoop_non_dram
offcore_response.demand_data_rd.l3_miss.any_snoop
offcore_response.demand_data_rd.l3_miss.snoop_hit_no_fwd
offcore_response.demand_data_rd.l3_miss.snoop_hitm
offcore_response.demand_data_rd.l3_miss.snoop_miss
offcore_response.demand_data_rd.l3_miss.snoop_non_dram
offcore_response.demand_data_rd.l3_miss.snoop_none
offcore_response.demand_data_rd.l3_miss.snoop_not_needed
offcore_response.demand_data_rd.l3_miss.spl_hit
offcore_response.demand_data_rd.l3_miss_local_dram.any_snoop
offcore_response.demand_data_rd.l3_miss_local_dram.snoop_hit_no_fwd
offcore_response.demand_data_rd.l3_miss_local_dram.snoop_hitm
offcore_response.demand_data_rd.l3_miss_local_dram.snoop_miss
offcore_response.demand_data_rd.l3_miss_local_dram.snoop_non_dram
offcore_response.demand_data_rd.l3_miss_local_dram.snoop_none
offcore_response.demand_data_rd.l3_miss_local_dram.snoop_not_needed
offcore_response.demand_data_rd.l3_miss_local_dram.spl_hit
offcore_response.demand_data_rd.l4_hit_local_l4.snoop_non_dram
offcore_response.demand_data_rd.supplier_none.snoop_non_dram
offcore_response.demand_rfo.l3_hit.snoop_non_dram
offcore_response.demand_rfo.l3_hit_e.snoop_non_dram
offcore_response.demand_rfo.l3_hit_m.snoop_non_dram
offcore_response.demand_rfo.l3_hit_s.snoop_non_dram
offcore_response.demand_rfo.l3_miss.any_snoop
offcore_response.demand_rfo.l3_miss.snoop_hit_no_fwd
offcore_response.demand_rfo.l3_miss.snoop_hitm
offcore_response.demand_rfo.l3_miss.snoop_miss
offcore_response.demand_rfo.l3_miss.snoop_non_dram
offcore_response.demand_rfo.l3_miss.snoop_none
offcore_response.demand_rfo.l3_miss.snoop_not_needed
offcore_response.demand_rfo.l3_miss.spl_hit
offcore_response.demand_rfo.l3_miss_local_dram.any_snoop
offcore_response.demand_rfo.l3_miss_local_dram.snoop_hit_no_fwd
offcore_response.demand_rfo.l3_miss_local_dram.snoop_hitm
offcore_response.demand_rfo.l3_miss_local_dram.snoop_miss
offcore_response.demand_rfo.l3_miss_local_dram.snoop_non_dram
offcore_response.demand_rfo.l3_miss_local_dram.snoop_none
offcore_response.demand_rfo.l3_miss_local_dram.snoop_not_needed
offcore_response.demand_rfo.l3_miss_local_dram.spl_hit
offcore_response.demand_rfo.l4_hit_local_l4.snoop_non_dram
offcore_response.demand_rfo.supplier_none.snoop_non_dram
offcore_response.other.l3_hit.snoop_non_dram
offcore_response.other.l3_hit_e.snoop_non_dram
offcore_response.other.l3_hit_m.snoop_non_dram
offcore_response.other.l3_hit_s.snoop_non_dram
offcore_response.other.l3_miss.any_snoop
offcore_response.other.l3_miss.snoop_hit_no_fwd
offcore_response.other.l3_miss.snoop_hitm
offcore_response.other.l3_miss.snoop_miss
offcore_response.other.l3_miss.snoop_non_dram
offcore_response.other.l3_miss.snoop_none
offcore_response.other.l3_miss.snoop_not_needed
offcore_response.other.l3_miss.spl_hit
offcore_response.other.l3_miss_local_dram.any_snoop
offcore_response.other.l3_miss_local_dram.snoop_hit_no_fwd
offcore_response.other.l3_miss_local_dram.snoop_hitm
offcore_response.other.l3_miss_local_dram.snoop_miss
offcore_response.other.l3_miss_local_dram.snoop_non_dram
offcore_response.other.l3_miss_local_dram.snoop_none
offcore_response.other.l3_miss_local_dram.snoop_not_needed
offcore_response.other.l3_miss_local_dram.spl_hit
offcore_response.other.l4_hit_local_l4.snoop_non_dram
offcore_response.other.supplier_none.snoop_non_dram
rtm_retired.aborted
rtm_retired.aborted_events
rtm_retired.aborted_mem
rtm_retired.aborted_memtype
rtm_retired.aborted_timer
rtm_retired.aborted_unfriendly
rtm_retired.commit
rtm_retired.start
tx_exec.misc1
tx_exec.misc2
tx_exec.misc3
tx_exec.misc4
tx_exec.misc5
tx_mem.abort_capacity
tx_mem.abort_conflict
tx_mem.abort_hle_elision_buffer_mismatch
tx_mem.abort_hle_elision_buffer_not_empty
tx_mem.abort_hle_elision_buffer_unsupported_alignment
tx_mem.abort_hle_store_to_elided_lock
tx_mem.hle_elision_buffer_full
