arith.divider_active
br_inst_retired.all_branches
br_inst_retired.all_branches_pebs
br_inst_retired.cond_ntaken
br_inst_retired.conditional
br_inst_retired.far_branch
br_inst_retired.near_call
br_inst_retired.near_return
br_inst_retired.near_taken
br_inst_retired.not_taken
br_misp_retired.all_branches
br_misp_retired.all_branches_pebs
br_misp_retired.conditional
br_misp_retired.near_call
br_misp_retired.near_taken
cpu_clk_thread_unhalted.one_thread_active
cpu_clk_thread_unhalted.ref_xclk
cpu_clk_thread_unhalted.ref_xclk_any
cpu_clk_unhalted.one_thread_active
cpu_clk_unhalted.ref_tsc
cpu_clk_unhalted.ref_xclk
cpu_clk_unhalted.ref_xclk_any
cpu_clk_unhalted.ring0_trans
cpu_clk_unhalted.thread
cpu_clk_unhalted.thread_any
cpu_clk_unhalted.thread_p
cpu_clk_unhalted.thread_p_any
cycle_activity.cycles_l1d_miss
cycle_activity.cycles_l2_miss
cycle_activity.cycles_mem_any
cycle_activity.stalls_l1d_miss
cycle_activity.stalls_l2_miss
cycle_activity.stalls_mem_any
cycle_activity.stalls_total
exe_activity.1_ports_util
exe_activity.2_ports_util
exe_activity.3_ports_util
exe_activity.4_ports_util
exe_activity.bound_on_stores
exe_activity.exe_bound_0_ports
ild_stall.lcp
inst_retired.any
inst_retired.any_p
inst_retired.prec_dist
inst_retired.total_cycles_ps
int_misc.clear_resteer_cycles
int_misc.recovery_cycles
int_misc.recovery_cycles_any
ld_blocks.no_sr
ld_blocks.store_forward
ld_blocks_partial.address_alias
load_hit_pre.sw_pf
lsd.cycles_4_uops
lsd.cycles_active
lsd.uops
machine_clears.count
machine_clears.smc
other_assists.any
partial_rat_stalls.scoreboard
resource_stalls.any
resource_stalls.sb
rob_misc_events.lbr_inserts
rob_misc_events.pause_inst
rs_events.empty_cycles
rs_events.empty_end
uops_dispatched_port.port_0
uops_dispatched_port.port_1
uops_dispatched_port.port_2
uops_dispatched_port.port_3
uops_dispatched_port.port_4
uops_dispatched_port.port_5
uops_dispatched_port.port_6
uops_dispatched_port.port_7
uops_executed.core
uops_executed.core_cycles_ge_1
uops_executed.core_cycles_ge_2
uops_executed.core_cycles_ge_3
uops_executed.core_cycles_ge_4
uops_executed.core_cycles_none
uops_executed.cycles_ge_1_uop_exec
uops_executed.cycles_ge_2_uops_exec
uops_executed.cycles_ge_3_uops_exec
uops_executed.cycles_ge_4_uops_exec
uops_executed.stall_cycles
uops_executed.thread
uops_executed.x87
uops_issued.any
uops_issued.slow_lea
uops_issued.stall_cycles
uops_issued.vector_width_mismatch
uops_retired.macro_fused
uops_retired.retire_slots
uops_retired.stall_cycles
uops_retired.total_cycles
