unc_arb_coh_trk_requests.all
unc_arb_trk_occupancy.all
unc_arb_trk_occupancy.cycles_with_any_request
unc_arb_trk_requests.all
unc_arb_trk_requests.drd_direct
unc_arb_trk_requests.writes
unc_cbo_cache_lookup.any_es
unc_cbo_cache_lookup.any_i
unc_cbo_cache_lookup.any_m
unc_cbo_cache_lookup.any_mesi
unc_cbo_cache_lookup.read_es
unc_cbo_cache_lookup.read_i
unc_cbo_cache_lookup.read_mesi
unc_cbo_cache_lookup.write_es
unc_cbo_cache_lookup.write_m
unc_cbo_cache_lookup.write_mesi
unc_cbo_xsnp_response.hit_xcore
unc_cbo_xsnp_response.hitm_xcore
unc_cbo_xsnp_response.miss_eviction
unc_cbo_xsnp_response.miss_xcore
