dtlb_load_misses.miss_causes_a_walk
dtlb_load_misses.stlb_hit
dtlb_load_misses.walk_active
dtlb_load_misses.walk_completed
dtlb_load_misses.walk_completed_1g
dtlb_load_misses.walk_completed_2m_4m
dtlb_load_misses.walk_completed_4k
dtlb_load_misses.walk_pending
dtlb_store_misses.miss_causes_a_walk
dtlb_store_misses.stlb_hit
dtlb_store_misses.walk_active
dtlb_store_misses.walk_completed
dtlb_store_misses.walk_completed_1g
dtlb_store_misses.walk_completed_2m_4m
dtlb_store_misses.walk_completed_4k
dtlb_store_misses.walk_pending
ept.walk_pending
itlb.itlb_flush
itlb_misses.miss_causes_a_walk
itlb_misses.stlb_hit
itlb_misses.walk_active
itlb_misses.walk_completed
itlb_misses.walk_completed_1g
itlb_misses.walk_completed_2m_4m
itlb_misses.walk_completed_4k
itlb_misses.walk_pending
tlb_flush.dtlb_thread
tlb_flush.stlb_any
