Branch_Misprediction_Cost
IpMispredict
Branch_Misprediction_Cost_SMT
BpTkBranch
IpBranch
IpCall
IpFarBranch
IpTB
L1MPKI
L2HPKI_All
L2MPKI
L2MPKI_All
L3MPKI
DSB_Coverage
FLOPc
GFLOPs
IpFLOP
FLOPc_SMT
IpFLOP
DSB_Coverage
IpTB
CPU_Utilization
DRAM_BW_Use
GFLOPs
IpBranch
IpFLOP
IpLoad
IpStore
DRAM_BW_Use
L1D_Cache_Fill_BW
L2_Cache_Fill_BW
L3_Cache_Access_BW
L3_Cache_Fill_BW
MEM_Parallel_Reads
MLP
Load_Miss_Real_Latency
MLP
Load_Miss_Real_Latency
IpFarBranch
Kernel_Utilization
L2MPKI_All
L3_Cache_Access_BW
BpTkBranch
IpTB
CPI
ILP
UPI
ILP
C2_Pkg_Residency
C3_Core_Residency
C3_Pkg_Residency
C6_Core_Residency
C6_Pkg_Residency
C7_Core_Residency
C7_Pkg_Residency
Turbo_Utilization
UPI
CORE_CLKS
CoreIPC
CoreIPC_SMT
SMT_2T_Utilization
DRAM_BW_Use
MEM_Parallel_Reads
CLKS
CPU_Utilization
IPC
Instructions
Page_Walks_Utilization
Page_Walks_Utilization_SMT
CoreIPC
CoreIPC_SMT
Instructions
SLOTS
SLOTS_SMT
Backend_Bound
Bad_Speculation
Frontend_Bound
Retiring
Backend_Bound_SMT
Bad_Speculation_SMT
Frontend_Bound_SMT
Retiring_SMT
DRAM_BW_Use
MEM_Parallel_Reads